[debug] [2025-11-08T07:39:05.204Z] ----------------------------------------------------------------------
[debug] [2025-11-08T07:39:05.210Z] Command:       C:\Program Files\nodejs\node.exe C:\Users\tiwar\AppData\Roaming\npm\node_modules\firebase-tools\lib\bin\firebase.js init
[debug] [2025-11-08T07:39:05.210Z] CLI Version:   14.24.1
[debug] [2025-11-08T07:39:05.211Z] Platform:      win32
[debug] [2025-11-08T07:39:05.211Z] Node Version:  v22.19.0
[debug] [2025-11-08T07:39:05.211Z] Time:          Sat Nov 08 2025 13:09:05 GMT+0530 (India Standard Time)
[debug] [2025-11-08T07:39:05.211Z] ----------------------------------------------------------------------
[debug] 
[info] 
     ######## #### ########  ######## ########     ###     ######  ########
     ##        ##  ##     ## ##       ##     ##  ##   ##  ##       ##
     ######    ##  ########  ######   ########  #########  ######  ######
     ##        ##  ##    ##  ##       ##     ## ##     ##       ## ##
     ##       #### ##     ## ######## ########  ##     ##  ######  ########

You're about to initialize a Firebase project in this directory:

  C:\Users\tiwar\credit-hunters\personal-website

Before we get started, keep in mind:

  * You are initializing within an existing Firebase project directory

[info] 
=== Project Setup
[info] 
[info] First, let's associate this project directory with a Firebase project.
[info] You can create multiple project aliases by running firebase use --add, 
[info] 
[debug] [2025-11-08T07:40:26.195Z] > command requires scopes: ["email","openid","https://www.googleapis.com/auth/cloudplatformprojects.readonly","https://www.googleapis.com/auth/firebase","https://www.googleapis.com/auth/cloud-platform"]
[debug] [2025-11-08T07:40:26.196Z] > authorizing via signed-in user (sachiaashi2002@gmail.com)
[debug] [2025-11-08T07:40:26.197Z] Checked if tokens are valid: true, expires at: 1762591098025
[debug] [2025-11-08T07:40:26.197Z] Checked if tokens are valid: true, expires at: 1762591098025
[debug] [2025-11-08T07:40:26.199Z] >>> [apiv2][query] GET https://firebase.googleapis.com/v1beta1/projects/mastersolis-infotech-be06b [none]
[debug] [2025-11-08T07:40:29.692Z] <<< [apiv2][status] GET https://firebase.googleapis.com/v1beta1/projects/mastersolis-infotech-be06b 403
[debug] [2025-11-08T07:40:29.693Z] <<< [apiv2][body] GET https://firebase.googleapis.com/v1beta1/projects/mastersolis-infotech-be06b {"error":{"code":403,"message":"The caller does not have permission","status":"PERMISSION_DENIED"}}
[debug] [2025-11-08T07:40:29.694Z] Request to https://firebase.googleapis.com/v1beta1/projects/mastersolis-infotech-be06b had HTTP Error: 403, The caller does not have permission
[debug] [2025-11-08T07:40:30.271Z] FirebaseError: Request to https://firebase.googleapis.com/v1beta1/projects/mastersolis-infotech-be06b had HTTP Error: 403, The caller does not have permission
    at responseToError (C:\Users\tiwar\AppData\Roaming\npm\node_modules\firebase-tools\lib\responseToError.js:53:12)
    at RetryOperation._fn (C:\Users\tiwar\AppData\Roaming\npm\node_modules\firebase-tools\lib\apiv2.js:322:77)
    at process.processTicksAndRejections (node:internal/process/task_queues:105:5)
[error] 
[error] Error: Failed to get Firebase project mastersolis-infotech-be06b. Please make sure the project exists and your account has permission to access it.
[debug] [2025-11-08T07:43:58.133Z] ----------------------------------------------------------------------
[debug] [2025-11-08T07:43:58.137Z] Command:       C:\Program Files\nodejs\node.exe C:\Users\tiwar\AppData\Roaming\npm\node_modules\firebase-tools\lib\bin\firebase.js init
[debug] [2025-11-08T07:43:58.137Z] CLI Version:   14.24.1
[debug] [2025-11-08T07:43:58.138Z] Platform:      win32
[debug] [2025-11-08T07:43:58.138Z] Node Version:  v22.19.0
[debug] [2025-11-08T07:43:58.138Z] Time:          Sat Nov 08 2025 13:13:58 GMT+0530 (India Standard Time)
[debug] [2025-11-08T07:43:58.138Z] ----------------------------------------------------------------------
[debug] 
[info] 
     ######## #### ########  ######## ########     ###     ######  ########
     ##        ##  ##     ## ##       ##     ##  ##   ##  ##       ##
     ######    ##  ########  ######   ########  #########  ######  ######
     ##        ##  ##    ##  ##       ##     ## ##     ##       ## ##
     ##       #### ##     ## ######## ########  ##     ##  ######  ########

You're about to initialize a Firebase project in this directory:

  C:\Users\tiwar\credit-hunters\personal-website

Before we get started, keep in mind:

  * You are initializing within an existing Firebase project directory

[info] 
=== Project Setup
[info] 
[info] First, let's associate this project directory with a Firebase project.
[info] You can create multiple project aliases by running firebase use --add, 
[info] 
[debug] [2025-11-08T07:44:10.774Z] > command requires scopes: ["email","openid","https://www.googleapis.com/auth/cloudplatformprojects.readonly","https://www.googleapis.com/auth/firebase","https://www.googleapis.com/auth/cloud-platform"]
[debug] [2025-11-08T07:44:10.775Z] > authorizing via signed-in user (sachiaashi2002@gmail.com)
[debug] [2025-11-08T07:44:10.776Z] Checked if tokens are valid: true, expires at: 1762591098025
[debug] [2025-11-08T07:44:10.776Z] Checked if tokens are valid: true, expires at: 1762591098025
[debug] [2025-11-08T07:44:10.778Z] >>> [apiv2][query] GET https://firebase.googleapis.com/v1beta1/projects/mastersolis-infotech-be06b [none]
[debug] [2025-11-08T07:44:11.717Z] <<< [apiv2][status] GET https://firebase.googleapis.com/v1beta1/projects/mastersolis-infotech-be06b 403
[debug] [2025-11-08T07:44:11.718Z] <<< [apiv2][body] GET https://firebase.googleapis.com/v1beta1/projects/mastersolis-infotech-be06b {"error":{"code":403,"message":"The caller does not have permission","status":"PERMISSION_DENIED"}}
[debug] [2025-11-08T07:44:11.719Z] Request to https://firebase.googleapis.com/v1beta1/projects/mastersolis-infotech-be06b had HTTP Error: 403, The caller does not have permission
[debug] [2025-11-08T07:44:12.524Z] FirebaseError: Request to https://firebase.googleapis.com/v1beta1/projects/mastersolis-infotech-be06b had HTTP Error: 403, The caller does not have permission
    at responseToError (C:\Users\tiwar\AppData\Roaming\npm\node_modules\firebase-tools\lib\responseToError.js:53:12)
    at RetryOperation._fn (C:\Users\tiwar\AppData\Roaming\npm\node_modules\firebase-tools\lib\apiv2.js:322:77)
    at process.processTicksAndRejections (node:internal/process/task_queues:105:5)
[error] 
[error] Error: Failed to get Firebase project mastersolis-infotech-be06b. Please make sure the project exists and your account has permission to access it.
